[0.339s] Invoking command in '/home/jotavo21/ros_humble/turtlesim_ws/src/my_turtle_controller': PYTHONPATH=/home/jotavo21/ros_humble/turtlesim_ws/build/my_turtle_controller/prefix_override:/usr/lib/python3/dist-packages/colcon_core/task/python/colcon_distutils_commands:/home/jotavo21/ros_humble/turtlesim_ws/install/my_turtle_controller/lib/python3.10/site-packages:${PYTHONPATH} /usr/bin/python3 -W ignore:setup.py install is deprecated -W ignore:easy_install command is deprecated setup.py egg_info --egg-base ../../build/my_turtle_controller build --build-base /home/jotavo21/ros_humble/turtlesim_ws/build/my_turtle_controller/build install --record /home/jotavo21/ros_humble/turtlesim_ws/build/my_turtle_controller/install.log --single-version-externally-managed install_data
[0.467s] running egg_info
[0.467s] writing ../../build/my_turtle_controller/my_turtle_controller.egg-info/PKG-INFO
[0.468s] writing dependency_links to ../../build/my_turtle_controller/my_turtle_controller.egg-info/dependency_links.txt
[0.468s] writing entry points to ../../build/my_turtle_controller/my_turtle_controller.egg-info/entry_points.txt
[0.468s] writing requirements to ../../build/my_turtle_controller/my_turtle_controller.egg-info/requires.txt
[0.468s] writing top-level names to ../../build/my_turtle_controller/my_turtle_controller.egg-info/top_level.txt
[0.469s] reading manifest file '../../build/my_turtle_controller/my_turtle_controller.egg-info/SOURCES.txt'
[0.469s] writing manifest file '../../build/my_turtle_controller/my_turtle_controller.egg-info/SOURCES.txt'
[0.469s] running build
[0.469s] running build_py
[0.469s] running install
[0.470s] running install_lib
[0.470s] running install_data
[0.470s] running install_egg_info
[0.471s] removing '/home/jotavo21/ros_humble/turtlesim_ws/install/my_turtle_controller/lib/python3.10/site-packages/my_turtle_controller-0.0.0-py3.10.egg-info' (and everything under it)
[0.471s] Copying ../../build/my_turtle_controller/my_turtle_controller.egg-info to /home/jotavo21/ros_humble/turtlesim_ws/install/my_turtle_controller/lib/python3.10/site-packages/my_turtle_controller-0.0.0-py3.10.egg-info
[0.471s] running install_scripts
[0.484s] Installing move_turtle script to /home/jotavo21/ros_humble/turtlesim_ws/install/my_turtle_controller/lib/my_turtle_controller
[0.484s] writing list of installed files to '/home/jotavo21/ros_humble/turtlesim_ws/build/my_turtle_controller/install.log'
[0.501s] Invoked command in '/home/jotavo21/ros_humble/turtlesim_ws/src/my_turtle_controller' returned '0': PYTHONPATH=/home/jotavo21/ros_humble/turtlesim_ws/build/my_turtle_controller/prefix_override:/usr/lib/python3/dist-packages/colcon_core/task/python/colcon_distutils_commands:/home/jotavo21/ros_humble/turtlesim_ws/install/my_turtle_controller/lib/python3.10/site-packages:${PYTHONPATH} /usr/bin/python3 -W ignore:setup.py install is deprecated -W ignore:easy_install command is deprecated setup.py egg_info --egg-base ../../build/my_turtle_controller build --build-base /home/jotavo21/ros_humble/turtlesim_ws/build/my_turtle_controller/build install --record /home/jotavo21/ros_humble/turtlesim_ws/build/my_turtle_controller/install.log --single-version-externally-managed install_data
