running egg_info
creating ../../build/my_turtle_controller/my_turtle_controller.egg-info
writing ../../build/my_turtle_controller/my_turtle_controller.egg-info/PKG-INFO
writing dependency_links to ../../build/my_turtle_controller/my_turtle_controller.egg-info/dependency_links.txt
writing entry points to ../../build/my_turtle_controller/my_turtle_controller.egg-info/entry_points.txt
writing requirements to ../../build/my_turtle_controller/my_turtle_controller.egg-info/requires.txt
writing top-level names to ../../build/my_turtle_controller/my_turtle_controller.egg-info/top_level.txt
writing manifest file '../../build/my_turtle_controller/my_turtle_controller.egg-info/SOURCES.txt'
reading manifest file '../../build/my_turtle_controller/my_turtle_controller.egg-info/SOURCES.txt'
writing manifest file '../../build/my_turtle_controller/my_turtle_controller.egg-info/SOURCES.txt'
running build
running build_py
creating /home/jotavo21/ros_humble/turtlesim_ws/build/my_turtle_controller/build
creating /home/jotavo21/ros_humble/turtlesim_ws/build/my_turtle_controller/build/lib
creating /home/jotavo21/ros_humble/turtlesim_ws/build/my_turtle_controller/build/lib/my_turtle_controller
copying my_turtle_controller/__init__.py -> /home/jotavo21/ros_humble/turtlesim_ws/build/my_turtle_controller/build/lib/my_turtle_controller
copying my_turtle_controller/move_turtle.py -> /home/jotavo21/ros_humble/turtlesim_ws/build/my_turtle_controller/build/lib/my_turtle_controller
running install
running install_lib
creating /home/jotavo21/ros_humble/turtlesim_ws/install/my_turtle_controller/lib/python3.10/site-packages/my_turtle_controller
copying /home/jotavo21/ros_humble/turtlesim_ws/build/my_turtle_controller/build/lib/my_turtle_controller/__init__.py -> /home/jotavo21/ros_humble/turtlesim_ws/install/my_turtle_controller/lib/python3.10/site-packages/my_turtle_controller
copying /home/jotavo21/ros_humble/turtlesim_ws/build/my_turtle_controller/build/lib/my_turtle_controller/move_turtle.py -> /home/jotavo21/ros_humble/turtlesim_ws/install/my_turtle_controller/lib/python3.10/site-packages/my_turtle_controller
byte-compiling /home/jotavo21/ros_humble/turtlesim_ws/install/my_turtle_controller/lib/python3.10/site-packages/my_turtle_controller/__init__.py to __init__.cpython-310.pyc
byte-compiling /home/jotavo21/ros_humble/turtlesim_ws/install/my_turtle_controller/lib/python3.10/site-packages/my_turtle_controller/move_turtle.py to move_turtle.cpython-310.pyc
running install_data
creating /home/jotavo21/ros_humble/turtlesim_ws/install/my_turtle_controller/share/ament_index
creating /home/jotavo21/ros_humble/turtlesim_ws/install/my_turtle_controller/share/ament_index/resource_index
creating /home/jotavo21/ros_humble/turtlesim_ws/install/my_turtle_controller/share/ament_index/resource_index/packages
copying resource/my_turtle_controller -> /home/jotavo21/ros_humble/turtlesim_ws/install/my_turtle_controller/share/ament_index/resource_index/packages
copying package.xml -> /home/jotavo21/ros_humble/turtlesim_ws/install/my_turtle_controller/share/my_turtle_controller
running install_egg_info
Copying ../../build/my_turtle_controller/my_turtle_controller.egg-info to /home/jotavo21/ros_humble/turtlesim_ws/install/my_turtle_controller/lib/python3.10/site-packages/my_turtle_controller-0.0.0-py3.10.egg-info
running install_scripts
Installing move_turtle script to /home/jotavo21/ros_humble/turtlesim_ws/install/my_turtle_controller/lib/my_turtle_controller
writing list of installed files to '/home/jotavo21/ros_humble/turtlesim_ws/build/my_turtle_controller/install.log'
